<?xml version="1.0" encoding="UTF-8"?>
<!-- Generated by org.testng.reporters.JUnitXMLReporter -->
<testsuite hostname="Naveens-MacBook-Air.local" ignored="0" name="Command line test" tests="1" failures="1" timestamp="24 Mar 2020 04:41:47 GMT" time="0.066" errors="0">
  <testcase name="@BeforeTest createList" time="0.0" classname="com.xml.xmlDiffXlsx">
    <failure type="org.testng.TestNGException" message="
Can inject only one of &amp;lt;ITestContext, XmlTest&amp;gt; into a BeforeTest annotated createList.
For more information on native dependency injection please refer to http://testng.org/doc/documentation-main.html#native-dependency-injection">
      <![CDATA[org.testng.TestNGException: 
Can inject only one of <ITestContext, XmlTest> into a BeforeTest annotated createList.
For more information on native dependency injection please refer to http://testng.org/doc/documentation-main.html#native-dependency-injection
... Removed 30 stack frames]]>
    </failure>
  </testcase> <!-- @BeforeTest createList -->
  <testcase name="@BeforeTest writeDifferences" time="0.0" classname="com.xml.xmlDiffXlsx">
    <skipped/>
  </testcase> <!-- @BeforeTest writeDifferences -->
  <testcase name="main" time="0.0" classname="com.xml.xmlDiffXlsx">
    <failure type="org.testng.TestNGException" message="
Cannot inject @Test annotated Method [main] with [class [Ljava.lang.String;].
For more information on native dependency injection please refer to http://testng.org/doc/documentation-main.html#native-dependency-injection">
      <![CDATA[org.testng.TestNGException: 
Cannot inject @Test annotated Method [main] with [class [Ljava.lang.String;].
For more information on native dependency injection please refer to http://testng.org/doc/documentation-main.html#native-dependency-injection
... Removed 33 stack frames]]>
    </failure>
  </testcase> <!-- main -->
</testsuite> <!-- Command line test -->
